<?xml version="1.0" encoding="UTF-8"?>
<testsuite xmlns:xsi="http://www.w3.org/2001/XMLSchema-instance" xsi:noNamespaceSchemaLocation="https://maven.apache.org/surefire/maven-surefire-plugin/xsd/surefire-test-report-3.0.xsd" version="3.0" name="com.kakao.globalid.GlobalidApplicationTests" time="5.106" tests="1" errors="0" skipped="0" failures="0">
  <properties>
[...]
</properties>
  <testcase name="contextLoads" classname="com.kakao.globalid.GlobalidApplicationTests" time="0.689">
    <system-out><![CDATA[10:21:40.454 [main] INFO org.springframework.test.context.support.AnnotationConfigContextLoaderUtils -- Could not detect default configuration classes for test class [com.kakao.globalid.GlobalidApplicationTests]: GlobalidApplicationTests does not declare any static, non-private, non-final, nested classes annotated with @Configuration.
10:21:40.550 [main] INFO org.springframework.boot.test.context.SpringBootTestContextBootstrapper -- Found @SpringBootConfiguration com.kakao.globalid.GlobalidApplication for test class com.kakao.globalid.GlobalidApplicationTests
10:21:40.711 [main] INFO org.springframework.boot.devtools.restart.RestartApplicationListener -- Restart disabled due to context in which it is running

  .   ____          _            __ _ _
 /\\ / ___'_ __ _ _(_)_ __  __ _ \ \ \ \
( ( )\___ | '_ | '_| | '_ \/ _` | \ \ \ \
 \\/  ___)| |_)| | | | | || (_| |  ) ) ) )
  '  |____| .__|_| |_|_| |_\__, | / / / /
 =========|_|==============|___/=/_/_/_/
 :: Spring Boot ::                (v3.2.0)

2023-12-25T10:21:40.925+09:00  INFO 77780 --- [           main] c.k.globalid.GlobalidApplicationTests    : Starting GlobalidApplicationTests using Java 21.0.1 with PID 77780 (started by LEEKW in c:\Users\LEEKW\Desktop\테스트\kakao\globalid)
2023-12-25T10:21:40.926+09:00  INFO 77780 --- [           main] c.k.globalid.GlobalidApplicationTests    : No active profile set, falling back to 1 default profile: "default"
2023-12-25T10:21:41.896+09:00  INFO 77780 --- [           main] .s.d.r.c.RepositoryConfigurationDelegate : Bootstrapping Spring Data JDBC repositories in DEFAULT mode.
2023-12-25T10:21:41.916+09:00  INFO 77780 --- [           main] .s.d.r.c.RepositoryConfigurationDelegate : Finished Spring Data repository scanning in 16 ms. Found 0 JDBC repository interfaces.
2023-12-25T10:21:43.537+09:00  WARN 77780 --- [           main] ion$DefaultTemplateResolverConfiguration : Cannot find template location: classpath:/templates/ (please add some templates, check your Thymeleaf configuration, or set spring.thymeleaf.check-template-location=false)
2023-12-25T10:21:44.068+09:00  INFO 77780 --- [           main] org.quartz.impl.StdSchedulerFactory      : Using default implementation for ThreadExecutor
2023-12-25T10:21:44.081+09:00  INFO 77780 --- [           main] org.quartz.core.SchedulerSignalerImpl    : Initialized Scheduler Signaller of type: class org.quartz.core.SchedulerSignalerImpl
2023-12-25T10:21:44.081+09:00  INFO 77780 --- [           main] org.quartz.core.QuartzScheduler          : Quartz Scheduler v.2.3.2 created.
2023-12-25T10:21:44.082+09:00  INFO 77780 --- [           main] org.quartz.simpl.RAMJobStore             : RAMJobStore initialized.
2023-12-25T10:21:44.083+09:00  INFO 77780 --- [           main] org.quartz.core.QuartzScheduler          : Scheduler meta-data: Quartz Scheduler (v2.3.2) 'quartzScheduler' with instanceId 'NON_CLUSTERED'
  Scheduler class: 'org.quartz.core.QuartzScheduler' - running locally.
  NOT STARTED.
  Currently in standby mode.
  Number of jobs executed: 0
  Using thread pool 'org.quartz.simpl.SimpleThreadPool' - with 10 threads.
  Using job-store 'org.quartz.simpl.RAMJobStore' - which does not support persistence. and is not clustered.

2023-12-25T10:21:44.083+09:00  INFO 77780 --- [           main] org.quartz.impl.StdSchedulerFactory      : Quartz scheduler 'quartzScheduler' initialized from an externally provided properties instance.
2023-12-25T10:21:44.083+09:00  INFO 77780 --- [           main] org.quartz.impl.StdSchedulerFactory      : Quartz scheduler version: 2.3.2
2023-12-25T10:21:44.083+09:00  INFO 77780 --- [           main] org.quartz.core.QuartzScheduler          : JobFactory set to: org.springframework.scheduling.quartz.SpringBeanJobFactory@20a4cba7
2023-12-25T10:21:44.139+09:00  INFO 77780 --- [           main] com.zaxxer.hikari.HikariDataSource       : HikariPool-1 - Starting...
2023-12-25T10:21:44.345+09:00  INFO 77780 --- [           main] com.zaxxer.hikari.pool.HikariPool        : HikariPool-1 - Added connection conn0: url=jdbc:h2:mem:test user=SA
2023-12-25T10:21:44.347+09:00  INFO 77780 --- [           main] com.zaxxer.hikari.HikariDataSource       : HikariPool-1 - Start completed.
2023-12-25T10:21:44.483+09:00  INFO 77780 --- [           main] o.s.b.a.h2.H2ConsoleAutoConfiguration    : H2 console available at '/h2'. Database available at 'jdbc:h2:mem:test'
2023-12-25T10:21:44.515+09:00  INFO 77780 --- [           main] o.s.b.a.e.web.EndpointLinksResolver      : Exposing 1 endpoint(s) beneath base path '/actuator'
2023-12-25T10:21:44.586+09:00  INFO 77780 --- [           main] o.s.s.quartz.SchedulerFactoryBean        : Starting Quartz Scheduler now
2023-12-25T10:21:44.587+09:00  INFO 77780 --- [           main] org.quartz.core.QuartzScheduler          : Scheduler quartzScheduler_$_NON_CLUSTERED started.
2023-12-25T10:21:44.602+09:00  INFO 77780 --- [           main] c.k.globalid.GlobalidApplicationTests    : Started GlobalidApplicationTests in 3.903 seconds (process running for 4.75)
CREATE TABLE IF NOT EXISTS globalid( CREATE_TIME TIMESTAMP DEFAULT CURRENT_TIMESTAMP(3), UPDATE_PROGRESS VARCHAR(1) DEFAULT 'C', GUID varchar(30) primary key, WORK_LAYER varchar(2) not null );
CREATE SEQUENCE globalid_seq START WITH 1 INCREMENT BY 1 MINVALUE 1 MAXVALUE 9999999999 CYCLE;
CREATE TABLE IF NOT EXISTS globalid_ext( UPDATE_TIME TIMESTAMP DEFAULT CURRENT_TIMESTAMP(3), SEQUENCE INT DEFAULT globalid_seq.NEXTVAL,GUID varchar(30) not null, WORK_LAYER varchar(2) not null ); 
### DataBase Initialize Success!! ###
]]></system-out>
    <system-err><![CDATA[WARNING: A Java agent has been loaded dynamically (C:\Users\LEEKW\.m2\repository\net\bytebuddy\byte-buddy-agent\1.14.10\byte-buddy-agent-1.14.10.jar)
WARNING: If a serviceability tool is in use, please run with -XX:+EnableDynamicAgentLoading to hide this warning
WARNING: If a serviceability tool is not in use, please run with -Djdk.instrument.traceUsage for more information
WARNING: Dynamic loading of agents will be disallowed by default in a future release
]]></system-err>
  </testcase>
</testsuite>